Android/app/build/intermediates/manifest_merge_blame_file/debug/processDebugMainManifest/manifest-merger-blame-debug-report.txt
1<?xml version="1.0" encoding="utf-8"?>
2<manifest xmlns:android="http://schemas.android.com/apk/res/android"
3    package="com.example.heart"
4    android:versionCode="1"
5    android:versionName="1.0" >
6
7    <uses-sdk
8        android:minSdkVersion="26"
9        android:targetSdkVersion="34" />
10
11    <uses-permission android:name="android.permission.INTERNET" />
11-->src/main/AndroidManifest.xml:5:5-67
11-->src/main/AndroidManifest.xml:5:22-64
12    <uses-permission android:name="android.permission.ACCESS_FINE_LOCATION" />
12-->src/main/AndroidManifest.xml:6:5-79
12-->src/main/AndroidManifest.xml:6:22-76
13    <uses-permission android:name="android.permission.ACCESS_COARSE_LOCATION" />
13-->src/main/AndroidManifest.xml:7:5-81
13-->src/main/AndroidManifest.xml:7:22-78
14
15    <queries>
15-->[com.razorpay:checkout:1.6.21] AndroidManifest.xml:11:5-37:15
16        <intent>
16-->[com.razorpay:checkout:1.6.21] AndroidManifest.xml:12:9-18:18
17            <action android:name="android.intent.action.VIEW" />
17-->[com.razorpay:checkout:1.6.21] AndroidManifest.xml:13:13-65
17-->[com.razorpay:checkout:1.6.21] AndroidManifest.xml:13:21-62
18
19            <data
19-->[com.razorpay:checkout:1.6.21] AndroidManifest.xml:15:13-17:38
20                android:mimeType="*/*"
20-->[com.razorpay:checkout:1.6.21] AndroidManifest.xml:16:17-39
21                android:scheme="*" />
21-->[com.razorpay:checkout:1.6.21] AndroidManifest.xml:17:17-35
22        </intent>
23        <intent>
23-->[com.razorpay:checkout:1.6.21] AndroidManifest.xml:19:9-28:18
24            <action android:name="android.intent.action.VIEW" />
24-->[com.razorpay:checkout:1.6.21] AndroidManifest.xml:13:13-65
24-->[com.razorpay:checkout:1.6.21] AndroidManifest.xml:13:21-62
25
26            <category android:name="android.intent.category.BROWSABLE" />
26-->[com.razorpay:checkout:1.6.21] AndroidManifest.xml:22:13-74
26-->[com.razorpay:checkout:1.6.21] AndroidManifest.xml:22:23-71
27
28            <data
28-->[com.razorpay:checkout:1.6.21] AndroidManifest.xml:15:13-17:38
29                android:host="pay"
30                android:mimeType="*/*"
30-->[com.razorpay:checkout:1.6.21] AndroidManifest.xml:16:17-39
31                android:scheme="upi" />
31-->[com.razorpay:checkout:1.6.21] AndroidManifest.xml:17:17-35
32        </intent>
33        <intent>
33-->[com.razorpay:checkout:1.6.21] AndroidManifest.xml:29:9-31:18
34            <action android:name="android.intent.action.MAIN" />
34-->src/main/AndroidManifest.xml:61:17-69
34-->src/main/AndroidManifest.xml:61:25-66
35        </intent>
36        <intent>
36-->[com.razorpay:checkout:1.6.21] AndroidManifest.xml:32:9-36:18
37            <action android:name="android.intent.action.SEND" />
37-->[com.razorpay:checkout:1.6.21] AndroidManifest.xml:33:13-65
37-->[com.razorpay:checkout:1.6.21] AndroidManifest.xml:33:21-62
38
39            <data android:mimeType="*/*" />
39-->[com.razorpay:checkout:1.6.21] AndroidManifest.xml:15:13-17:38
39-->[com.razorpay:checkout:1.6.21] AndroidManifest.xml:16:17-39
40        </intent>
41    </queries> <!-- Include required permissions for Google Maps API to run. -->
42    <uses-permission android:name="android.permission.ACCESS_NETWORK_STATE" />
42-->[com.google.android.gms:play-services-maps:17.0.0] AndroidManifest.xml:23:5-79
42-->[com.google.android.gms:play-services-maps:17.0.0] AndroidManifest.xml:23:22-76
43
44    <uses-feature
44-->[com.google.android.gms:play-services-maps:17.0.0] AndroidManifest.xml:26:5-28:35
45        android:glEsVersion="0x00020000"
45-->[com.google.android.gms:play-services-maps:17.0.0] AndroidManifest.xml:27:9-41
46        android:required="true" />
46-->[com.google.android.gms:play-services-maps:17.0.0] AndroidManifest.xml:28:9-32
47
48    <permission
48-->[androidx.core:core:1.13.0] AndroidManifest.xml:22:5-24:47
49        android:name="com.example.heart.DYNAMIC_RECEIVER_NOT_EXPORTED_PERMISSION"
49-->[androidx.core:core:1.13.0] AndroidManifest.xml:23:9-81
50        android:protectionLevel="signature" />
50-->[androidx.core:core:1.13.0] AndroidManifest.xml:24:9-44
51
52    <uses-permission android:name="com.example.heart.DYNAMIC_RECEIVER_NOT_EXPORTED_PERMISSION" />
52-->[androidx.core:core:1.13.0] AndroidManifest.xml:26:5-97
52-->[androidx.core:core:1.13.0] AndroidManifest.xml:26:22-94
53
54    <application
54-->src/main/AndroidManifest.xml:9:5-66:19
55        android:allowBackup="true"
55-->src/main/AndroidManifest.xml:10:9-35
56        android:appComponentFactory="androidx.core.app.CoreComponentFactory"
56-->[androidx.core:core:1.13.0] AndroidManifest.xml:28:18-86
57        android:dataExtractionRules="@xml/data_extraction_rules"
57-->src/main/AndroidManifest.xml:11:9-65
58        android:debuggable="true"
59        android:extractNativeLibs="false"
60        android:fullBackupContent="@xml/backup_rules"
60-->src/main/AndroidManifest.xml:12:9-54
61        android:icon="@mipmap/ic_launcher"
61-->src/main/AndroidManifest.xml:13:9-43
62        android:label="@string/app_name"
62-->src/main/AndroidManifest.xml:14:9-41
63        android:requestLegacyExternalStorage="true"
63-->src/main/AndroidManifest.xml:15:9-52
64        android:roundIcon="@mipmap/ic_launcher_round"
64-->src/main/AndroidManifest.xml:16:9-54
65        android:supportsRtl="true"
65-->src/main/AndroidManifest.xml:17:9-35
66        android:testOnly="true"
67        android:theme="@style/AppTheme"
67-->src/main/AndroidManifest.xml:18:9-40
68        android:usesCleartextTraffic="true" >
68-->src/main/AndroidManifest.xml:19:9-44
69        <activity
69-->src/main/AndroidManifest.xml:21:9-23:40
70            android:name="com.example.heart.User_view_history"
70-->src/main/AndroidManifest.xml:22:13-46
71            android:exported="false" />
71-->src/main/AndroidManifest.xml:23:13-37
72        <activity
72-->src/main/AndroidManifest.xml:24:9-26:40
73            android:name="com.example.heart.User_send_complaints"
73-->src/main/AndroidManifest.xml:25:13-49
74            android:exported="false" />
74-->src/main/AndroidManifest.xml:26:13-37
75        <activity
75-->src/main/AndroidManifest.xml:27:9-29:40
76            android:name="com.example.heart.User_chat"
76-->src/main/AndroidManifest.xml:28:13-38
77            android:exported="false" />
77-->src/main/AndroidManifest.xml:29:13-37
78        <activity
78-->src/main/AndroidManifest.xml:30:9-32:40
79            android:name="com.example.heart.User_add_review"
79-->src/main/AndroidManifest.xml:31:13-44
80            android:exported="false" />
80-->src/main/AndroidManifest.xml:32:13-37
81        <activity
81-->src/main/AndroidManifest.xml:33:9-35:40
82            android:name="com.example.heart.User_view_bookings"
82-->src/main/AndroidManifest.xml:34:13-47
83            android:exported="false" />
83-->src/main/AndroidManifest.xml:35:13-37
84        <activity
84-->src/main/AndroidManifest.xml:36:9-38:40
85            android:name="com.example.heart.User_payment"
85-->src/main/AndroidManifest.xml:37:13-41
86            android:exported="false" />
86-->src/main/AndroidManifest.xml:38:13-37
87        <activity
87-->src/main/AndroidManifest.xml:39:9-41:40
88            android:name="com.example.heart.User_book_doctor"
88-->src/main/AndroidManifest.xml:40:13-45
89            android:exported="false" />
89-->src/main/AndroidManifest.xml:41:13-37
90        <activity
90-->src/main/AndroidManifest.xml:42:9-44:40
91            android:name="com.example.heart.User_view_doctor_schedule"
91-->src/main/AndroidManifest.xml:43:13-54
92            android:exported="false" />
92-->src/main/AndroidManifest.xml:44:13-37
93        <activity
93-->src/main/AndroidManifest.xml:45:9-47:40
94            android:name="com.example.heart.User_view_doctors"
94-->src/main/AndroidManifest.xml:46:13-46
95            android:exported="false" />
95-->src/main/AndroidManifest.xml:47:13-37
96        <activity
96-->src/main/AndroidManifest.xml:48:9-50:40
97            android:name="com.example.heart.User_disease_prediction"
97-->src/main/AndroidManifest.xml:49:13-52
98            android:exported="false" />
98-->src/main/AndroidManifest.xml:50:13-37
99        <activity
99-->src/main/AndroidManifest.xml:51:9-53:40
100            android:name="com.example.heart.User_profile"
100-->src/main/AndroidManifest.xml:52:13-41
101            android:exported="false" />
101-->src/main/AndroidManifest.xml:53:13-37
102        <activity
102-->src/main/AndroidManifest.xml:54:9-56:40
103            android:name="com.example.heart.User_home"
103-->src/main/AndroidManifest.xml:55:13-38
104            android:exported="false" />
104-->src/main/AndroidManifest.xml:56:13-37
105        <activity
105-->src/main/AndroidManifest.xml:57:9-65:20
106            android:name="com.example.heart.MainActivity"
106-->src/main/AndroidManifest.xml:58:13-41
107            android:exported="true" >
107-->src/main/AndroidManifest.xml:59:13-36
108            <intent-filter>
108-->src/main/AndroidManifest.xml:60:13-64:29
109                <action android:name="android.intent.action.MAIN" />
109-->src/main/AndroidManifest.xml:61:17-69
109-->src/main/AndroidManifest.xml:61:25-66
110
111                <category android:name="android.intent.category.LAUNCHER" />
111-->src/main/AndroidManifest.xml:63:17-77
111-->src/main/AndroidManifest.xml:63:27-74
112            </intent-filter>
113        </activity>
114
115        <receiver
115-->[com.razorpay:checkout:1.6.21] AndroidManifest.xml:40:9-46:20
116            android:name="com.razorpay.RzpTokenReceiver"
116-->[com.razorpay:checkout:1.6.21] AndroidManifest.xml:41:13-57
117            android:exported="false" >
117-->[com.razorpay:checkout:1.6.21] AndroidManifest.xml:42:13-37
118            <intent-filter>
118-->[com.razorpay:checkout:1.6.21] AndroidManifest.xml:43:13-45:29
119                <action android:name="rzp.device_token.share" />
119-->[com.razorpay:checkout:1.6.21] AndroidManifest.xml:44:17-65
119-->[com.razorpay:checkout:1.6.21] AndroidManifest.xml:44:25-62
120            </intent-filter>
121        </receiver>
122
123        <activity
123-->[com.razorpay:checkout:1.6.21] AndroidManifest.xml:48:9-60:20
124            android:name="com.razorpay.CheckoutActivity"
124-->[com.razorpay:checkout:1.6.21] AndroidManifest.xml:49:13-57
125            android:configChanges="keyboard|keyboardHidden|orientation|screenSize"
125-->[com.razorpay:checkout:1.6.21] AndroidManifest.xml:50:13-83
126            android:exported="true"
126-->[com.razorpay:checkout:1.6.21] AndroidManifest.xml:51:13-36
127            android:theme="@style/CheckoutTheme" >
127-->[com.razorpay:checkout:1.6.21] AndroidManifest.xml:52:13-49
128            <intent-filter>
128-->[com.razorpay:checkout:1.6.21] AndroidManifest.xml:53:13-59:29
129                <action android:name="android.intent.action.MAIN" />
129-->src/main/AndroidManifest.xml:61:17-69
129-->src/main/AndroidManifest.xml:61:25-66
130
131                <data
131-->[com.razorpay:checkout:1.6.21] AndroidManifest.xml:15:13-17:38
132                    android:host="rzp.io"
133                    android:scheme="io.rzp" />
133-->[com.razorpay:checkout:1.6.21] AndroidManifest.xml:17:17-35
134            </intent-filter>
135        </activity>
136
137        <meta-data
137-->[com.razorpay:checkout:1.6.21] AndroidManifest.xml:62:9-64:58
138            android:name="com.razorpay.plugin.googlepay_all"
138-->[com.razorpay:checkout:1.6.21] AndroidManifest.xml:63:13-61
139            android:value="com.razorpay.RzpGpayMerged" />
139-->[com.razorpay:checkout:1.6.21] AndroidManifest.xml:64:13-55
140
141        <activity
141-->[com.google.android.gms:play-services-auth:17.0.0] AndroidManifest.xml:23:9-27:75
142            android:name="com.google.android.gms.auth.api.signin.internal.SignInHubActivity"
142-->[com.google.android.gms:play-services-auth:17.0.0] AndroidManifest.xml:24:13-93
143            android:excludeFromRecents="true"
143-->[com.google.android.gms:play-services-auth:17.0.0] AndroidManifest.xml:25:13-46
144            android:exported="false"
144-->[com.google.android.gms:play-services-auth:17.0.0] AndroidManifest.xml:26:13-37
145            android:theme="@android:style/Theme.Translucent.NoTitleBar" />
145-->[com.google.android.gms:play-services-auth:17.0.0] AndroidManifest.xml:27:13-72
146        <!--
147            Service handling Google Sign-In user revocation. For apps that do not integrate with
148            Google Sign-In, this service will never be started.
149        -->
150        <service
150-->[com.google.android.gms:play-services-auth:17.0.0] AndroidManifest.xml:33:9-36:110
151            android:name="com.google.android.gms.auth.api.signin.RevocationBoundService"
151-->[com.google.android.gms:play-services-auth:17.0.0] AndroidManifest.xml:34:13-89
152            android:exported="true"
152-->[com.google.android.gms:play-services-auth:17.0.0] AndroidManifest.xml:35:13-36
153            android:permission="com.google.android.gms.auth.api.signin.permission.REVOCATION_NOTIFICATION" /> <!-- Needs to be explicitly declared on P+ -->
153-->[com.google.android.gms:play-services-auth:17.0.0] AndroidManifest.xml:36:13-107
154        <uses-library
154-->[com.google.android.gms:play-services-maps:17.0.0] AndroidManifest.xml:33:9-35:40
155            android:name="org.apache.http.legacy"
155-->[com.google.android.gms:play-services-maps:17.0.0] AndroidManifest.xml:34:13-50
156            android:required="false" />
156-->[com.google.android.gms:play-services-maps:17.0.0] AndroidManifest.xml:35:13-37
157
158        <activity
158-->[com.google.android.gms:play-services-base:18.1.0] AndroidManifest.xml:20:9-22:45
159            android:name="com.google.android.gms.common.api.GoogleApiActivity"
159-->[com.google.android.gms:play-services-base:18.1.0] AndroidManifest.xml:20:19-85
160            android:exported="false"
160-->[com.google.android.gms:play-services-base:18.1.0] AndroidManifest.xml:22:19-43
161            android:theme="@android:style/Theme.Translucent.NoTitleBar" />
161-->[com.google.android.gms:play-services-base:18.1.0] AndroidManifest.xml:21:19-78
162
163        <meta-data
163-->[com.google.android.gms:play-services-basement:18.1.0] AndroidManifest.xml:21:9-23:69
164            android:name="com.google.android.gms.version"
164-->[com.google.android.gms:play-services-basement:18.1.0] AndroidManifest.xml:22:13-58
165            android:value="@integer/google_play_services_version" />
165-->[com.google.android.gms:play-services-basement:18.1.0] AndroidManifest.xml:23:13-66
166
167        <provider
167-->[com.squareup.picasso:picasso:2.71828] AndroidManifest.xml:8:9-11:40
168            android:name="com.squareup.picasso.PicassoProvider"
168-->[com.squareup.picasso:picasso:2.71828] AndroidManifest.xml:9:13-64
169            android:authorities="com.example.heart.com.squareup.picasso"
169-->[com.squareup.picasso:picasso:2.71828] AndroidManifest.xml:10:13-72
170            android:exported="false" />
170-->[com.squareup.picasso:picasso:2.71828] AndroidManifest.xml:11:13-37
171        <provider
171-->[androidx.emoji2:emoji2:1.3.0] AndroidManifest.xml:24:9-32:20
172            android:name="androidx.startup.InitializationProvider"
172-->[androidx.emoji2:emoji2:1.3.0] AndroidManifest.xml:25:13-67
173            android:authorities="com.example.heart.androidx-startup"
173-->[androidx.emoji2:emoji2:1.3.0] AndroidManifest.xml:26:13-68
174            android:exported="false" >
174-->[androidx.emoji2:emoji2:1.3.0] AndroidManifest.xml:27:13-37
175            <meta-data
175-->[androidx.emoji2:emoji2:1.3.0] AndroidManifest.xml:29:13-31:52
176                android:name="androidx.emoji2.text.EmojiCompatInitializer"
176-->[androidx.emoji2:emoji2:1.3.0] AndroidManifest.xml:30:17-75
177                android:value="androidx.startup" />
177-->[androidx.emoji2:emoji2:1.3.0] AndroidManifest.xml:31:17-49
178            <meta-data
178-->[androidx.lifecycle:lifecycle-process:2.6.2] AndroidManifest.xml:29:13-31:52
179                android:name="androidx.lifecycle.ProcessLifecycleInitializer"
179-->[androidx.lifecycle:lifecycle-process:2.6.2] AndroidManifest.xml:30:17-78
180                android:value="androidx.startup" />
180-->[androidx.lifecycle:lifecycle-process:2.6.2] AndroidManifest.xml:31:17-49
181            <meta-data
181-->[androidx.profileinstaller:profileinstaller:1.4.0] AndroidManifest.xml:29:13-31:52
182                android:name="androidx.profileinstaller.ProfileInstallerInitializer"
182-->[androidx.profileinstaller:profileinstaller:1.4.0] AndroidManifest.xml:30:17-85
183                android:value="androidx.startup" />
183-->[androidx.profileinstaller:profileinstaller:1.4.0] AndroidManifest.xml:31:17-49
184        </provider>
185
186        <receiver
186-->[androidx.profileinstaller:profileinstaller:1.4.0] AndroidManifest.xml:34:9-52:20
187            android:name="androidx.profileinstaller.ProfileInstallReceiver"
187-->[androidx.profileinstaller:profileinstaller:1.4.0] AndroidManifest.xml:35:13-76
188            android:directBootAware="false"
188-->[androidx.profileinstaller:profileinstaller:1.4.0] AndroidManifest.xml:36:13-44
189            android:enabled="true"
189-->[androidx.profileinstaller:profileinstaller:1.4.0] AndroidManifest.xml:37:13-35
190            android:exported="true"
190-->[androidx.profileinstaller:profileinstaller:1.4.0] AndroidManifest.xml:38:13-36
191            android:permission="android.permission.DUMP" >
191-->[androidx.profileinstaller:profileinstaller:1.4.0] AndroidManifest.xml:39:13-57
192            <intent-filter>
192-->[androidx.profileinstaller:profileinstaller:1.4.0] AndroidManifest.xml:40:13-42:29
193                <action android:name="androidx.profileinstaller.action.INSTALL_PROFILE" />
193-->[androidx.profileinstaller:profileinstaller:1.4.0] AndroidManifest.xml:41:17-91
193-->[androidx.profileinstaller:profileinstaller:1.4.0] AndroidManifest.xml:41:25-88
194            </intent-filter>
195            <intent-filter>
195-->[androidx.profileinstaller:profileinstaller:1.4.0] AndroidManifest.xml:43:13-45:29
196                <action android:name="androidx.profileinstaller.action.SKIP_FILE" />
196-->[androidx.profileinstaller:profileinstaller:1.4.0] AndroidManifest.xml:44:17-85
196-->[androidx.profileinstaller:profileinstaller:1.4.0] AndroidManifest.xml:44:25-82
197            </intent-filter>
198            <intent-filter>
198-->[androidx.profileinstaller:profileinstaller:1.4.0] AndroidManifest.xml:46:13-48:29
199                <action android:name="androidx.profileinstaller.action.SAVE_PROFILE" />
199-->[androidx.profileinstaller:profileinstaller:1.4.0] AndroidManifest.xml:47:17-88
199-->[androidx.profileinstaller:profileinstaller:1.4.0] AndroidManifest.xml:47:25-85
200            </intent-filter>
201            <intent-filter>
201-->[androidx.profileinstaller:profileinstaller:1.4.0] AndroidManifest.xml:49:13-51:29
202                <action android:name="androidx.profileinstaller.action.BENCHMARK_OPERATION" />
202-->[androidx.profileinstaller:profileinstaller:1.4.0] AndroidManifest.xml:50:17-95
202-->[androidx.profileinstaller:profileinstaller:1.4.0] AndroidManifest.xml:50:25-92
203            </intent-filter>
204        </receiver>
205    </application>
206
207</manifest>